<?xml version="1.0" encoding="UTF-8"?>
<!-- Generated by org.testng.reporters.JUnitXMLReporter -->
<testsuite ignored="1" hostname="BLLCLAPUS1410" failures="1" tests="1" name="Test" time="0.182" errors="0" timestamp="2022-02-16T14:25:47 PST">
  <testcase classname="ToolsqaGroupTest" name="checkTitle" time="0.025">
    <failure type="java.lang.NullPointerException" message="Cannot invoke &amp;quot;org.openqa.selenium.WebDriver.getTitle()&amp;quot; because &amp;quot;this.driver&amp;quot; is null">
      <![CDATA[java.lang.NullPointerException: Cannot invoke "org.openqa.selenium.WebDriver.getTitle()" because "this.driver" is null
at ToolsqaGroupTest.checkTitle(ToolsqaGroupTest.java:40)
at java.base/java.util.ArrayList.forEach(ArrayList.java:1511)
... Removed 27 stack frames]]>
    </failure>
  </testcase> <!-- checkTitle -->
  <testcase classname="ToolsqaGroupTest" name="click_element" time="0.0">
    <ignored/>
  </testcase> <!-- click_element -->
</testsuite> <!-- Test -->
