<?xml version="1.0" encoding="UTF-8"?>
<testng-results ignored="0" total="1" passed="1" failed="0" skipped="0">
  <reporter-output>
  </reporter-output>
  <suite started-at="2022-02-21T13:31:57 PST" name="Default suite" finished-at="2022-02-21T13:32:12 PST" duration-ms="15476">
    <groups>
    </groups>
    <test started-at="2022-02-21T13:31:57 PST" name="Default test" finished-at="2022-02-21T13:32:12 PST" duration-ms="15476">
      <class name="com.qa.EbayBrokenLinkTest">
        <test-method is-config="true" signature="setUp()[pri:0, instance:com.qa.EbayBrokenLinkTest@393671df]" started-at="2022-02-21T13:31:57 PST" name="setUp" finished-at="2022-02-21T13:32:05 PST" duration-ms="8114" status="PASS">
          <reporter-output>
          </reporter-output>
        </test-method> <!-- setUp -->
        <test-method signature="verifyFooterLinks()[pri:0, instance:com.qa.EbayBrokenLinkTest@393671df]" started-at="2022-02-21T13:32:05 PST" name="verifyFooterLinks" finished-at="2022-02-21T13:32:11 PST" duration-ms="6061" status="PASS">
          <reporter-output>
          </reporter-output>
        </test-method> <!-- verifyFooterLinks -->
        <test-method is-config="true" signature="tearDown()[pri:0, instance:com.qa.EbayBrokenLinkTest@393671df]" started-at="2022-02-21T13:32:11 PST" name="tearDown" finished-at="2022-02-21T13:32:12 PST" duration-ms="1189" status="PASS">
          <reporter-output>
          </reporter-output>
        </test-method> <!-- tearDown -->
      </class> <!-- com.qa.EbayBrokenLinkTest -->
    </test> <!-- Default test -->
  </suite> <!-- Default suite -->
</testng-results>
